<?xml version="1.0" encoding="UTF-8"?>
<testsuite xmlns:xsi="http://www.w3.org/2001/XMLSchema-instance" xsi:noNamespaceSchemaLocation="https://maven.apache.org/surefire/maven-surefire-plugin/xsd/surefire-test-report.xsd" name="com.quantcast.AppTest" time="0.164" tests="8" errors="0" skipped="0" failures="0">
  <properties>
[...]
</properties>
  <testcase name="runWithGoodDataFirstDateShouldReturnOneResult" classname="com.quantcast.AppTest" time="0.051"/>
  <testcase name="runWithBadDateShouldThrowException" classname="com.quantcast.AppTest" time="0.019"/>
  <testcase name="runWithNonExistingFileShouldThrowException" classname="com.quantcast.AppTest" time="0.027"/>
  <testcase name="runWithNoParametersShouldThrowException" classname="com.quantcast.AppTest" time="0.012"/>
  <testcase name="runWithInsufficientParametersShouldThrowException" classname="com.quantcast.AppTest" time="0.01"/>
  <testcase name="runWithGoodDataThirdDateShouldReturnZeroResults" classname="com.quantcast.AppTest" time="0.001"/>
  <testcase name="runWithGoodDataSecondDateShouldReturnThreeResults" classname="com.quantcast.AppTest" time="0.001"/>
  <testcase name="runWithEmptyFileShouldReturnZeroResults" classname="com.quantcast.AppTest" time="0.001"/>
</testsuite>